<?xml version="1.0" encoding="UTF-8"?>
<testsuite name="sample.SampleTests" tests="1" skipped="0" failures="0" errors="0" timestamp="2018-11-01T14:28:36" hostname="EDIIZ00041.local" time="0.0">
  <properties/>
  <testcase name="testMe" classname="sample.SampleTests" time="0.0"/>
  <system-out><![CDATA[]]></system-out>
  <system-err><![CDATA[]]></system-err>
</testsuite>
